<?xml version="1.0" encoding="UTF-8"?>
<testng-results ignored="0" total="1" passed="1" failed="0" skipped="0">
  <reporter-output>
  </reporter-output>
  <suite started-at="2024-10-08T14:47:14 IST" name="Suite" finished-at="2024-10-08T14:48:02 IST" duration-ms="48323">
    <groups>
    </groups>
    <test started-at="2024-10-08T14:47:14 IST" name="Test" finished-at="2024-10-08T14:48:02 IST" duration-ms="48323">
      <class name="testCases.TC_01_LoginTest">
        <test-method is-config="true" signature="setup(java.lang.String,java.lang.String)[pri:0, instance:testCases.TC_01_LoginTest@63787180]" started-at="2024-10-08T14:47:14 IST" name="setup" finished-at="2024-10-08T14:47:17 IST" duration-ms="3050" status="PASS">
          <params>
            <param index="0">
              <value>
                <![CDATA[windows]]>
              </value>
            </param>
            <param index="1">
              <value>
                <![CDATA[chrome]]>
              </value>
            </param>
          </params>
          <reporter-output>
          </reporter-output>
        </test-method> <!-- setup -->
        <test-method signature="verify_Login()[pri:0, instance:testCases.TC_01_LoginTest@63787180]" started-at="2024-10-08T14:47:17 IST" name="verify_Login" finished-at="2024-10-08T14:48:01 IST" duration-ms="44338" status="PASS">
          <reporter-output>
          </reporter-output>
        </test-method> <!-- verify_Login -->
        <test-method is-config="true" signature="teardown()[pri:0, instance:testCases.TC_01_LoginTest@63787180]" started-at="2024-10-08T14:48:01 IST" name="teardown" finished-at="2024-10-08T14:48:02 IST" duration-ms="504" status="PASS">
          <reporter-output>
          </reporter-output>
        </test-method> <!-- teardown -->
      </class> <!-- testCases.TC_01_LoginTest -->
    </test> <!-- Test -->
  </suite> <!-- Suite -->
</testng-results>
